
> @antigravity/client@0.0.0 dev
> vite

[31merror when starting dev server:
Error: Missing "./compiler-runtime" specifier in "react" package
    at e (file:///C:/Users/devin/Documents/Professional/DevLabs/AI%20Agent%20Workspace/node_modules/vite/dist/node/chunks/dep-BK3b2jBa.js:46042:25)
    at n (file:///C:/Users/devin/Documents/Professional/DevLabs/AI%20Agent%20Workspace/node_modules/vite/dist/node/chunks/dep-BK3b2jBa.js:46042:627)
    at o (file:///C:/Users/devin/Documents/Professional/DevLabs/AI%20Agent%20Workspace/node_modules/vite/dist/node/chunks/dep-BK3b2jBa.js:46042:1297)
    at resolveExportsOrImports (file:///C:/Users/devin/Documents/Professional/DevLabs/AI%20Agent%20Workspace/node_modules/vite/dist/node/chunks/dep-BK3b2jBa.js:46663:18)
    at resolveDeepImport (file:///C:/Users/devin/Documents/Professional/DevLabs/AI%20Agent%20Workspace/node_modules/vite/dist/node/chunks/dep-BK3b2jBa.js:46686:25)
    at tryNodeResolve (file:///C:/Users/devin/Documents/Professional/DevLabs/AI%20Agent%20Workspace/node_modules/vite/dist/node/chunks/dep-BK3b2jBa.js:46451:16)
    at ResolveIdContext.resolveId (file:///C:/Users/devin/Documents/Professional/DevLabs/AI%20Agent%20Workspace/node_modules/vite/dist/node/chunks/dep-BK3b2jBa.js:46201:19)
    at PluginContainer.resolveId (file:///C:/Users/devin/Documents/Professional/DevLabs/AI%20Agent%20Workspace/node_modules/vite/dist/node/chunks/dep-BK3b2jBa.js:49018:17)
    at async file:///C:/Users/devin/Documents/Professional/DevLabs/AI%20Agent%20Workspace/node_modules/vite/dist/node/chunks/dep-BK3b2jBa.js:66542:15
    at async file:///C:/Users/devin/Documents/Professional/DevLabs/AI%20Agent%20Workspace/node_modules/vite/dist/node/chunks/dep-BK3b2jBa.js:49933:14[39m
npm error Lifecycle script `dev` failed with error:
npm error code 1
npm error path C:\Users\devin\Documents\Professional\DevLabs\AI Agent Workspace\packages\client
npm error workspace @antigravity/client@0.0.0
npm error location C:\Users\devin\Documents\Professional\DevLabs\AI Agent Workspace\packages\client
npm error command failed
npm error command C:\WINDOWS\system32\cmd.exe /d /s /c vite
